INFO: Running with entropic power schedule (0xFF, 100).
INFO: Seed: 510529072
INFO: Loaded 1 modules   (15 inline 8-bit counters): 15 [0x524a98, 0x524aa7), 
INFO: Loaded 1 PC tables (15 PCs): 15 [0x4f5710,0x4f5800), 
MERGE-OUTER: 4 files, 0 in the initial corpus, 0 processed earlier
MERGE-OUTER: attempt 1
INFO: Running with entropic power schedule (0xFF, 100).
INFO: Seed: 510544356
INFO: Loaded 1 modules   (15 inline 8-bit counters): 15 [0x524a98, 0x524aa7), 
INFO: Loaded 1 PC tables (15 PCs): 15 [0x4f5710,0x4f5800), 
INFO: -max_len is not provided; libFuzzer will not generate inputs larger than 1048576 bytes
MERGE-INNER: using the control file '/tmp/libFuzzerTemp.Merge81.txt'
MERGE-INNER: 4 total files; 0 processed earlier; will process 4 files now
#1	pulse  cov: 2 ft: 2 exec/s: 0 rss: 28Mb
#2	pulse  cov: 3 ft: 3 exec/s: 0 rss: 28Mb
#4	pulse  cov: 9 ft: 10 exec/s: 0 rss: 28Mb
#4	DONE   cov: 9 ft: 10 exec/s: 0 rss: 28Mb
MERGE-OUTER: successful in 1 attempt(s)
MERGE-OUTER: the control file has 504 bytes
MERGE-OUTER: consumed 0Mb (28Mb rss) to parse the control file
MERGE-OUTER: 4 new files with 10 new features added; 9 new coverage edges
